Построение начато 11.02.2015 9:39:18.
     1>Проект "D:\Вася\Власов\AutotestAnalyser\project\MagistrProject\MagistrProject.vcxproj" в узле 2 (целевые объекты build).
     1>InitializeBuildStatus:
         Создание "Debug\MagistrProject.unsuccessfulbuild", так как было задано "AlwaysCreate".
       ClCompile:
         D:\Вася\Programms\Visual Studio 10\VC\bin\CL.exe /c /ZI /nologo /W3 /WX- /Od /Oy- /D WIN32 /D _DEBUG /D _CONSOLE /D _UNICODE /D UNICODE /Gm /EHsc /RTC1 /MDd /GS /fp:precise /Zc:wchar_t /Zc:forScope /Fo"Debug\\" /Fd"Debug\vc100.pdb" /Gd /TP /analyze- /errorReport:prompt CommonMethods.cpp DB\DataBase.cpp Input\Event\Event.cpp main.cpp
         main.cpp
     1>d:\вася\власов\autotestanalyser\project\magistrproject\main.cpp(21): warning C4129: s: неизвестная escape-последовательность
     1>d:\вася\власов\autotestanalyser\project\magistrproject\main.cpp(27): warning C4996: 'getch': The POSIX name for this item is deprecated. Instead, use the ISO C++ conformant name: _getch. See online help for details.
                 d:\вася\programms\visual studio 10\vc\include\conio.h(128): см. объявление "getch"
         Event.cpp
         DataBase.cpp
         CommonMethods.cpp
     1>d:\вася\власов\autotestanalyser\project\magistrproject\commonmethods.cpp(25): warning C4996: 'itoa': The POSIX name for this item is deprecated. Instead, use the ISO C++ conformant name: _itoa. See online help for details.
                 d:\вася\programms\visual studio 10\vc\include\stdlib.h(867): см. объявление "itoa"
         Создание кода...
       Link:
         D:\Вася\Programms\Visual Studio 10\VC\bin\link.exe /ERRORREPORT:PROMPT /OUT:"D:\Вася\Власов\AutotestAnalyser\project\MagistrProject\Debug\MagistrProject.exe" /INCREMENTAL:NO /NOLOGO kernel32.lib user32.lib gdi32.lib winspool.lib comdlg32.lib advapi32.lib shell32.lib ole32.lib oleaut32.lib uuid.lib odbc32.lib odbccp32.lib /MANIFEST /ManifestFile:"Debug\MagistrProject.exe.intermediate.manifest" /MANIFESTUAC:"level='asInvoker' uiAccess='false'" /DEBUG /PDB:"D:\Вася\Власов\AutotestAnalyser\project\MagistrProject\Debug\MagistrProject.pdb" /SUBSYSTEM:CONSOLE /TLBID:1 /DYNAMICBASE /NXCOMPAT /IMPLIB:"D:\Вася\Власов\AutotestAnalyser\project\MagistrProject\Debug\MagistrProject.lib" /MACHINE:X86 Debug\CommonMethods.obj
         Debug\DataBase.obj
         Debug\Event.obj
         Debug\main.obj
     1>CommonMethods.obj : warning LNK4075: не учитывается "/EDITANDCONTINUE" из-за спецификации "/INCREMENTAL:NO"
         MagistrProject.vcxproj -> D:\Вася\Власов\AutotestAnalyser\project\MagistrProject\Debug\MagistrProject.exe
       Manifest:
         C:\Program Files\Microsoft SDKs\Windows\v7.0A\bin\mt.exe /nologo /verbose /outputresource:"D:\Вася\Власов\AutotestAnalyser\project\MagistrProject\Debug\MagistrProject.exe;#1" /manifest Debug\MagistrProject.exe.intermediate.manifest
       FinalizeBuildStatus:
         Файл "Debug\MagistrProject.unsuccessfulbuild" удаляется.
         Обращение к "Debug\MagistrProject.lastbuildstate".
     1>Построение проекта "D:\Вася\Власов\AutotestAnalyser\project\MagistrProject\MagistrProject.vcxproj" завершено (целевые объекты build).

Построение успешно завершено.

Затраченное время: 00:00:08.62
